============================= test session starts ==============================
platform darwin -- Python 3.12.13, pytest-9.0.3, pluggy-1.6.0 -- /opt/anaconda3/envs/FileExplorer3D/bin/python
cachedir: .pytest_cache
rootdir: /Users/codygrandt/Documents/file-explorer-3d
configfile: pytest.ini
collecting ... collected 146 items

tests/test_camera_animation.py::test_smoothstep_endpoints PASSED         [  0%]
tests/test_camera_animation.py::test_smoothstep_midpoint_is_half PASSED  [  1%]
tests/test_camera_animation.py::test_push_and_peek PASSED                [  2%]
tests/test_camera_animation.py::test_pop_returns_top_and_empties_stack PASSED [  2%]
tests/test_camera_animation.py::test_peek_on_empty_returns_none PASSED   [  3%]
tests/test_camera_animation.py::test_clear_removes_all PASSED            [  4%]
tests/test_camera_animation.py::test_update_at_t0_returns_start_state PASSED [  4%]
tests/test_camera_animation.py::test_update_at_half_duration_is_midpoint_with_linear_easing PASSED [  5%]
tests/test_camera_animation.py::test_update_at_full_duration_returns_end_state_and_pops PASSED [  6%]
tests/test_camera_animation.py::test_update_clamps_at_full_duration_when_overshooting PASSED [  6%]
tests/test_camera_animation.py::test_update_on_empty_returns_none PASSED [  7%]
tests/test_camera_animation.py::test_yaw_takes_shortest_path_across_360 PASSED [  8%]
tests/test_camera_animation.py::test_multiple_animations_sequence_top_first PASSED [  8%]
tests/test_camera_animation.py::test_pushing_mid_flight_replaces_active_animation PASSED [  9%]
tests/test_doubly_linked_list.py::test_new_list_is_empty PASSED          [ 10%]
tests/test_doubly_linked_list.py::test_iter_on_empty_yields_nothing PASSED [ 10%]
tests/test_doubly_linked_list.py::test_add_to_front_first_node_sets_head_and_tail PASSED [ 11%]
tests/test_doubly_linked_list.py::test_add_to_front_chains_links_correctly PASSED [ 12%]
tests/test_doubly_linked_list.py::test_adding_existing_path_moves_to_front PASSED [ 13%]
tests/test_doubly_linked_list.py::test_add_to_front_returns_node_reference PASSED [ 13%]
tests/test_doubly_linked_list.py::test_contains_true_for_added_path PASSED [ 14%]
tests/test_doubly_linked_list.py::test_contains_false_for_missing_path PASSED [ 15%]
tests/test_doubly_linked_list.py::test_get_returns_node_or_none PASSED   [ 15%]
tests/test_doubly_linked_list.py::test_remove_head PASSED                [ 16%]
tests/test_doubly_linked_list.py::test_remove_middle PASSED              [ 17%]
tests/test_doubly_linked_list.py::test_remove_tail PASSED                [ 17%]
tests/test_doubly_linked_list.py::test_remove_only_node_empties_list PASSED [ 18%]
tests/test_doubly_linked_list.py::test_remove_missing_returns_false PASSED [ 19%]
tests/test_doubly_linked_list.py::test_to_records_returns_insertion_order_most_recent_first PASSED [ 19%]
tests/test_doubly_linked_list.py::test_from_records_preserves_order PASSED [ 20%]
tests/test_doubly_linked_list.py::test_from_records_round_trips PASSED   [ 21%]
tests/test_doubly_linked_list.py::test_from_records_handles_none_or_empty PASSED [ 21%]
tests/test_doubly_linked_list.py::test_from_records_skips_records_without_path PASSED [ 22%]
tests/test_doubly_linked_list.py::test_clear_resets_state PASSED         [ 23%]
tests/test_file_index.py::test_empty_index_size_zero PASSED              [ 23%]
tests/test_file_index.py::test_build_populates_index PASSED              [ 24%]
tests/test_file_index.py::test_clear_empties_index PASSED                [ 25%]
tests/test_file_index.py::test_search_finds_inserted_entries PASSED      [ 26%]
tests/test_file_index.py::test_search_is_case_insensitive PASSED         [ 26%]
tests/test_file_index.py::test_search_missing_returns_none PASSED        [ 27%]
tests/test_file_index.py::test_search_on_empty_index_returns_none PASSED [ 28%]
tests/test_file_index.py::test_prefix_matches_only_starts_with PASSED    [ 28%]
tests/test_file_index.py::test_prefix_returns_empty_when_no_matches PASSED [ 29%]
tests/test_file_index.py::test_prefix_case_insensitive PASSED            [ 30%]
tests/test_file_index.py::test_prefix_no_false_positives_for_substring PASSED [ 30%]
tests/test_file_index.py::test_prefix_returns_sorted_alphabetical_order PASSED [ 31%]
tests/test_file_index.py::test_delete_removes_entry PASSED               [ 32%]
tests/test_file_index.py::test_delete_with_unmatched_path_is_noop PASSED [ 32%]
tests/test_file_index.py::test_delete_on_empty_index_is_silent PASSED    [ 33%]
tests/test_file_index.py::test_search_prefix_with_empty_string_returns_all PASSED [ 34%]
tests/test_file_index.py::test_already_sorted_input_works_correctly PASSED [ 34%]
tests/test_file_tree.py::test_make_root_creates_unexpanded_dir_node PASSED [ 35%]
tests/test_file_tree.py::test_expand_populates_children_with_dirs_first PASSED [ 36%]
tests/test_file_tree.py::test_expand_is_idempotent PASSED                [ 36%]
tests/test_file_tree.py::test_lazy_children_until_expand PASSED          [ 37%]
tests/test_file_tree.py::test_collapse_clears_children PASSED            [ 38%]
tests/test_file_tree.py::test_find_child_returns_match PASSED            [ 39%]
tests/test_file_tree.py::test_find_child_returns_none_for_missing PASSED [ 39%]
tests/test_file_tree.py::test_find_child_is_case_sensitive PASSED        [ 40%]
tests/test_file_tree.py::test_walk_preorder_visits_self_then_descendants PASSED [ 41%]
tests/test_file_tree.py::test_walk_breadth_first_visits_level_by_level PASSED [ 41%]
tests/test_file_tree.py::test_get_path_from_root_returns_full_chain PASSED [ 42%]
tests/test_file_tree.py::test_get_path_from_root_for_root_is_self_only PASSED [ 43%]
tests/test_file_tree.py::test_expand_empty_directory PASSED              [ 43%]
tests/test_file_tree.py::test_expand_handles_permission_denied PASSED    [ 44%]
tests/test_file_tree.py::test_expand_skips_dotfiles PASSED               [ 45%]
tests/test_file_tree.py::test_expand_records_symlink_children PASSED     [ 45%]
tests/test_file_tree.py::test_broken_symlink_is_flagged PASSED           [ 46%]
tests/test_integration.py::test_tree_construction_and_symlink_graph PASSED [ 47%]
tests/test_integration.py::test_recursive_expansion_walks_full_subtree PASSED [ 47%]
tests/test_integration.py::test_tree_drives_file_index_prefix_search PASSED [ 48%]
tests/test_integration.py::test_navigate_into_subdir_and_back PASSED     [ 49%]
tests/test_integration.py::test_navigate_then_branch_clears_forward PASSED [ 50%]
tests/test_integration.py::test_metadata_cache_preload_for_directory PASSED [ 50%]
tests/test_integration.py::test_metadata_cache_invalidate_directory_after_navigation PASSED [ 51%]
tests/test_integration.py::test_bookmark_workflow_round_trip PASSED      [ 52%]
tests/test_integration.py::test_symlink_discovery_records_real_edges PASSED [ 52%]
tests/test_integration.py::test_full_user_flow PASSED                    [ 53%]
tests/test_metadata_cache.py::test_format_size_bytes PASSED              [ 54%]
tests/test_metadata_cache.py::test_format_size_kilobytes PASSED          [ 54%]
tests/test_metadata_cache.py::test_format_size_megabytes PASSED          [ 55%]
tests/test_metadata_cache.py::test_format_size_gigabytes PASSED          [ 56%]
tests/test_metadata_cache.py::test_new_cache_is_empty PASSED             [ 56%]
tests/test_metadata_cache.py::test_get_populates_cache_on_miss PASSED    [ 57%]
tests/test_metadata_cache.py::test_get_hit_does_not_call_lstat_again PASSED [ 58%]
tests/test_metadata_cache.py::test_get_if_cached_does_not_populate PASSED [ 58%]
tests/test_metadata_cache.py::test_invalidate_removes_entry PASSED       [ 59%]
tests/test_metadata_cache.py::test_invalidate_missing_path_is_noop PASSED [ 60%]
tests/test_metadata_cache.py::test_invalidate_directory_removes_only_descendants PASSED [ 60%]
tests/test_metadata_cache.py::test_invalidate_directory_does_not_match_prefix_neighbours PASSED [ 61%]
tests/test_metadata_cache.py::test_preload_caches_all_paths PASSED       [ 62%]
tests/test_metadata_cache.py::test_preload_skips_already_cached PASSED   [ 63%]
tests/test_metadata_cache.py::test_get_on_missing_file_caches_none PASSED [ 63%]
tests/test_metadata_cache.py::test_subsequent_get_on_failed_path_does_not_retry_stat PASSED [ 64%]
tests/test_metadata_cache.py::test_clear_empties_cache PASSED            [ 65%]
tests/test_metadata_cache.py::test_lstat_used_for_symlink_so_target_metadata_is_not_followed PASSED [ 65%]
tests/test_navigation_stack.py::test_empty_stack_initial_state PASSED    [ 66%]
tests/test_navigation_stack.py::test_navigate_to_first_path_sets_current_only PASSED [ 67%]
tests/test_navigation_stack.py::test_navigate_to_grows_back_stack PASSED [ 67%]
tests/test_navigation_stack.py::test_navigate_to_clears_forward_stack PASSED [ 68%]
tests/test_navigation_stack.py::test_go_back_returns_previous_path PASSED [ 69%]
tests/test_navigation_stack.py::test_go_back_on_empty_returns_none PASSED [ 69%]
tests/test_navigation_stack.py::test_go_back_then_navigate_clears_forward PASSED [ 70%]
tests/test_navigation_stack.py::test_go_forward_returns_path_when_available PASSED [ 71%]
tests/test_navigation_stack.py::test_go_forward_on_empty_returns_none PASSED [ 71%]
tests/test_navigation_stack.py::test_can_go_back_reflects_back_stack PASSED [ 72%]
tests/test_navigation_stack.py::test_can_go_forward_reflects_forward_stack PASSED [ 73%]
tests/test_navigation_stack.py::test_get_back_history_returns_copy PASSED [ 73%]
tests/test_navigation_stack.py::test_get_forward_history_returns_copy PASSED [ 74%]
tests/test_navigation_stack.py::test_back_stack_caps_at_max_depth PASSED [ 75%]
tests/test_symlink_graph.py::SymlinkGraphTests::test_add_and_has_edge PASSED [ 76%]
tests/test_symlink_graph.py::SymlinkGraphTests::test_add_edge_is_deduplicated PASSED [ 76%]
tests/test_symlink_graph.py::SymlinkGraphTests::test_broken_edge_marking PASSED [ 77%]
tests/test_symlink_graph.py::SymlinkGraphTests::test_connected_component_uses_both_directions PASSED [ 78%]
tests/test_symlink_graph.py::SymlinkGraphTests::test_detect_cycles PASSED [ 78%]
tests/test_symlink_graph.py::SymlinkGraphTests::test_detect_multiple_disjoint_cycles PASSED [ 79%]
tests/test_symlink_graph.py::SymlinkGraphTests::test_detect_self_cycle PASSED [ 80%]
tests/test_symlink_graph.py::SymlinkGraphTests::test_get_all_nodes_and_edges PASSED [ 80%]
tests/test_symlink_graph.py::SymlinkGraphTests::test_remove_edge PASSED  [ 81%]
tests/test_symlink_graph_extra.py::test_one_source_multiple_targets PASSED [ 82%]
tests/test_symlink_graph_extra.py::test_one_target_multiple_sources PASSED [ 82%]
tests/test_symlink_graph_extra.py::test_get_targets_for_unknown_source_returns_empty_list PASSED [ 83%]
tests/test_symlink_graph_extra.py::test_get_sources_for_unknown_target_returns_empty_list PASSED [ 84%]
tests/test_symlink_graph_extra.py::test_acyclic_graph_returns_no_cycles PASSED [ 84%]
tests/test_symlink_graph_extra.py::test_get_cycle_nodes_returns_all_cycle_members PASSED [ 85%]
tests/test_symlink_graph_extra.py::test_get_cycle_nodes_empty_when_no_cycles PASSED [ 86%]
tests/test_symlink_graph_extra.py::test_connected_component_in_disconnected_graph PASSED [ 86%]
tests/test_symlink_graph_extra.py::test_connected_component_includes_starting_node PASSED [ 87%]
tests/test_symlink_graph_extra.py::test_connected_component_handles_self_loop PASSED [ 88%]
tests/test_symlink_graph_extra.py::test_remove_edge_clears_empty_adjacency_entries PASSED [ 89%]
tests/test_symlink_graph_extra.py::test_remove_unknown_edge_is_silent PASSED [ 89%]
tests/test_symlink_graph_extra.py::test_remove_edge_clears_broken_marker PASSED [ 90%]
tests/test_symlink_graph_extra.py::test_mark_edge_broken_on_unknown_edge_is_silent PASSED [ 91%]
tests/test_tree_traversal.py::test_preorder_visits_root_first PASSED     [ 91%]
tests/test_tree_traversal.py::test_preorder_full_order PASSED            [ 92%]
tests/test_tree_traversal.py::test_preorder_descends_full_subtree_before_sibling PASSED [ 93%]
tests/test_tree_traversal.py::test_preorder_on_leaf_node_yields_only_self PASSED [ 93%]
tests/test_tree_traversal.py::test_dfs_search_by_name_finds_correct_node PASSED [ 94%]
tests/test_tree_traversal.py::test_dfs_search_returns_none_when_not_found PASSED [ 95%]
tests/test_tree_traversal.py::test_bfs_visits_root_first PASSED          [ 95%]
tests/test_tree_traversal.py::test_bfs_visits_level_by_level PASSED      [ 96%]
tests/test_tree_traversal.py::test_bfs_returns_shallowest_match_first PASSED [ 97%]
tests/test_tree_traversal.py::test_bfs_empty_root_yields_only_self PASSED [ 97%]
tests/test_tree_traversal.py::test_dfs_count_matches_known_tree PASSED   [ 98%]
tests/test_tree_traversal.py::test_dfs_count_on_empty_subtree PASSED     [ 99%]
tests/test_tree_traversal.py::test_dfs_count_subtree_excludes_siblings PASSED [100%]

============================= 146 passed in 0.12s ==============================
